2020-12-12 13:59:06,218  -   INFO   [Agent_Registration_Controller] 

=============================================

 
2020-12-12 13:59:06,447  -   INFO   [Agent_Registration_Controller]  Record Already Exist with  
2020-12-12 13:59:06,673  -   INFO   [Agent_Registration_Controller] 

=================================================

 
2020-12-12 14:54:05,677  -   INFO   [Agent_Registration_Controller] 

===============================================

 
2020-12-12 14:54:05,677  -   INFO   [Agent_Registration_Controller] 

Agent Registration method: Success

 
2020-12-12 14:54:05,677  -   INFO   [Agent_Registration_Controller] 

New Agent Added in Database

 
2020-12-12 14:54:05,677  -   INFO   [Agent_Registration_Controller] 

===============================================

 
2020-12-12 15:09:27,750  -   INFO   [Agent_Registration_Controller] 

===============================================

 
2020-12-12 15:09:27,751  -   INFO   [Agent_Registration_Controller] 

Agent Registration method: Success

 
2020-12-12 15:09:27,751  -   INFO   [Agent_Registration_Controller] 

New Agent Added in Database

 
2020-12-12 15:09:27,751  -   INFO   [Agent_Registration_Controller] 

===============================================

 
